[\\ADMIN-PC]
00000001	0.00000000	[4892] PERIOD IS : 1
00000002	0.00005225	[4892] PERIOD IS : 5
00000003	0.00013249	[4892] PERIOD IS : 15
00000004	0.00068326	[4892] PERIOD IS : 30
00000005	0.00120294	[4892] PERIOD IS : 60
00000006	0.00278374	[4892] PERIOD IS : 240
00000007	0.00325894	[4892] PERIOD IS : 1440
00000008	0.00384207	[4892] PERIOD IS : 10080
00000009	0.00389431	[4892] PERIOD IS : 43200
00000010	0.94738168	[4892] hight:1.242650,bars:7794
00000011	0.94750017	[4892] time is :::5218157,成交：217.0
00000012	0.94764632	[4892] PERIOD IS : 1
00000013	6.33129072	[4892] hight:1.242580,bars:7795
00000014	6.33136940	[4892] time is :::5223541,成交：218.0
00000015	7.44819927	[4892] hight:1.242580,bars:7795
00000016	7.44826031	[4892] time is :::5224658,成交：219.0
00000017	8.97993755	[4892] hight:1.242580,bars:7795
00000018	8.98003674	[4892] time is :::5226190,成交：220.0
00000019	9.88870716	[4892] hight:1.242580,bars:7795
00000020	9.88876438	[4892] time is :::5227099,成交：221.0
00000021	10.34353161	[4892] hight:1.242580,bars:7795
00000022	10.34361553	[4892] time is :::5227553,成交：225.0
00000023	10.35482311	[4892] hight:1.242580,bars:7795
00000024	10.35491085	[4892] time is :::5227565,成交：226.0
00000025	10.74606228	[4892] hight:1.242580,bars:7795
00000026	10.74615765	[4892] time is :::5227956,成交：227.0
00000027	13.30012131	[4892] hight:1.242580,bars:7795
00000028	13.30022144	[4892] time is :::5230510,成交：228.0
00000029	13.92487431	[4892] hight:1.242580,bars:7795
00000030	13.92493534	[4892] time is :::5231135,成交：229.0
00000031	14.30367661	[4892] hight:1.242580,bars:7795
00000032	14.30377483	[4892] time is :::5231514,成交：230.0
00000033	14.92432022	[4892] hight:1.242580,bars:7795
00000034	14.92440796	[4892] time is :::5232134,成交：232.0
00000035	14.95126629	[4892] hight:1.242580,bars:7795
00000036	14.95132160	[4892] time is :::5232161,成交：233.0
00000037	16.84664726	[4892] hight:1.242580,bars:7795
00000038	16.84674263	[4892] time is :::5234056,成交：236.0
00000039	16.88540840	[4892] hight:1.242580,bars:7795
00000040	16.88549995	[4892] time is :::5234095,成交：237.0
00000041	17.28125763	[4892] hight:1.242580,bars:7795
00000042	17.28135490	[4892] time is :::5234491,成交：240.0
00000043	17.36953354	[4892] hight:1.242580,bars:7795
00000044	17.36962318	[4892] time is :::5234579,成交：241.0
00000045	17.74760246	[4892] hight:1.242580,bars:7795
00000046	17.74769211	[4892] time is :::5234957,成交：242.0
00000047	21.22807503	[4892] hight:1.242580,bars:7795
00000048	21.22816658	[4892] time is :::5238439,成交：243.0
00000049	22.47548485	[4892] hight:1.242580,bars:7795
00000050	22.47557449	[4892] time is :::5239686,成交：245.0
00000051	22.91679192	[4892] hight:1.242580,bars:7795
00000052	22.91688538	[4892] time is :::5240127,成交：246.0
00000053	23.90627861	[4892] hight:1.242580,bars:7795
00000054	23.90637779	[4892] time is :::5241117,成交：247.0
00000055	24.21788406	[4892] hight:1.242580,bars:7795
00000056	24.21797752	[4892] time is :::5241428,成交：248.0
00000057	24.78455544	[4892] hight:1.242580,bars:7795
00000058	24.78465271	[4892] time is :::5241995,成交：250.0
00000059	17:48:44	[4892] hight:1.242580,bars:7795
00000060	17:48:44	[4892] time is :::5244630,成交：251.0
00000061	17:48:46	[4892] hight:1.242580,bars:7795
00000062	17:48:46	[4892] time is :::5247117,成交：254.0
00000063	17:48:47	[4892] hight:1.242580,bars:7795
00000064	17:48:47	[4892] time is :::5247458,成交：256.0
00000065	17:48:47	[4892] hight:1.242580,bars:7795
00000066	17:48:47	[4892] time is :::5247939,成交：258.0
00000067	17:48:48	[4892] hight:1.242580,bars:7795
00000068	17:48:48	[4892] time is :::5248462,成交：259.0
00000069	17:48:48	[4892] hight:1.242580,bars:7795
00000070	17:48:48	[4892] time is :::5248902,成交：261.0
00000071	17:48:49	[4892] hight:1.242580,bars:7795
00000072	17:48:49	[4892] time is :::5249289,成交：262.0
00000073	17:48:50	[4892] hight:1.242580,bars:7795
00000074	17:48:50	[4892] time is :::5251047,成交：264.0
00000075	17:48:53	[4892] hight:1.242580,bars:7795
00000076	17:48:53	[4892] time is :::5254205,成交：265.0
00000077	17:48:54	[4892] hight:1.242580,bars:7795
00000078	17:48:54	[4892] time is :::5254534,成交：266.0
00000079	17:48:57	[4892] hight:1.242580,bars:7795
00000080	17:48:57	[4892] time is :::5257487,成交：267.0
00000081	17:48:57	[4892] hight:1.242580,bars:7795
00000082	17:48:57	[4892] time is :::5257867,成交：268.0
00000083	17:49:01	[4892] hight:1.242580,bars:7795
00000084	17:49:01	[4892] time is :::5261786,成交：269.0
00000085	17:49:01	[4892] PERIOD IS : 1
00000086	17:49:02	[4892] hight:1.242500,bars:7796
00000087	17:49:02	[4892] time is :::5262554,成交：270.0
00000088	17:49:03	[4892] hight:1.242500,bars:7796
00000089	17:49:03	[4892] time is :::5263391,成交：271.0
00000090	17:49:04	[4892] hight:1.242500,bars:7796
00000091	17:49:04	[4892] time is :::5265012,成交：272.0
00000092	17:49:05	[4892] hight:1.242510,bars:7796
00000093	17:49:05	[4892] time is :::5265273,成交：275.0
00000094	17:49:06	[4892] hight:1.242520,bars:7796
00000095	17:49:06	[4892] time is :::5266408,成交：277.0
00000096	17:49:07	[4892] hight:1.242520,bars:7796
00000097	17:49:07	[4892] time is :::5267509,成交：278.0
00000098	17:49:07	[4892] hight:1.242520,bars:7796
00000099	17:49:07	[4892] time is :::5267949,成交：279.0
00000100	17:49:08	[4892] hight:1.242520,bars:7796
00000101	17:49:08	[4892] time is :::5268559,成交：280.0
00000102	17:49:16	[4892] hight:1.242520,bars:7796
00000103	17:49:16	[4892] time is :::5276592,成交：281.0
00000104	17:49:16	[4892] hight:1.242520,bars:7796
00000105	17:49:16	[4892] time is :::5276668,成交：282.0
00000106	17:49:16	[4892] hight:1.242520,bars:7796
00000107	17:49:16	[4892] time is :::5276956,成交：283.0
00000108	17:49:18	[4892] hight:1.242520,bars:7796
00000109	17:49:18	[4892] time is :::5278354,成交：284.0
00000110	17:49:18	[4892] hight:1.242520,bars:7796
00000111	17:49:18	[4892] time is :::5278416,成交：285.0
00000112	17:49:18	[4892] hight:1.242520,bars:7796
00000113	17:49:18	[4892] time is :::5279197,成交：287.0
00000114	17:49:19	[4892] hight:1.242520,bars:7796
00000115	17:49:19	[4892] time is :::5279507,成交：288.0
00000116	17:49:19	[4892] hight:1.242520,bars:7796
00000117	17:49:19	[4892] time is :::5280210,成交：289.0
00000118	17:49:20	[4892] hight:1.242520,bars:7796
00000119	17:49:20	[4892] time is :::5280319,成交：290.0
00000120	17:49:21	[4892] hight:1.242520,bars:7796
00000121	17:49:21	[4892] time is :::5281569,成交：291.0
00000122	17:49:22	[4892] hight:1.242520,bars:7796
00000123	17:49:22	[4892] time is :::5282780,成交：292.0
00000124	17:49:23	[4892] hight:1.242520,bars:7796
00000125	17:49:23	[4892] time is :::5283313,成交：294.0
00000126	17:49:23	[4892] hight:1.242520,bars:7796
00000127	17:49:23	[4892] time is :::5284070,成交：295.0
00000128	17:49:25	[4892] hight:1.242520,bars:7796
00000129	17:49:25	[4892] time is :::5285519,成交：298.0
00000130	17:49:25	[4892] hight:1.242520,bars:7796
00000131	17:49:25	[4892] time is :::5285534,成交：299.0
00000132	17:49:25	[4892] hight:1.242520,bars:7796
00000133	17:49:25	[4892] time is :::5286020,成交：300.0
00000134	17:49:27	[4892] hight:1.242520,bars:7796
00000135	17:49:27	[4892] time is :::5287214,成交：301.0
00000136	17:49:27	[4892] hight:1.242520,bars:7796
00000137	17:49:27	[4892] time is :::5288177,成交：303.0
00000138	17:49:28	[4892] hight:1.242520,bars:7796
00000139	17:49:28	[4892] time is :::5288593,成交：304.0
00000140	17:49:29	[4892] hight:1.242520,bars:7796
00000141	17:49:29	[4892] time is :::5289391,成交：306.0
00000142	17:49:29	[4892] hight:1.242520,bars:7796
00000143	17:49:29	[4892] time is :::5289429,成交：307.0
00000144	17:49:29	[4892] hight:1.242520,bars:7796
00000145	17:49:29	[4892] time is :::5289850,成交：310.0
00000146	17:49:31	[4892] hight:1.242520,bars:7796
00000147	17:49:31	[4892] time is :::5291395,成交：311.0
00000148	17:49:32	[4892] hight:1.242520,bars:7796
00000149	17:49:32	[4892] time is :::5292916,成交：314.0
00000150	17:49:33	[4892] hight:1.242520,bars:7796
00000151	17:49:33	[4892] time is :::5293543,成交：317.0
00000152	17:49:36	[4892] hight:1.242520,bars:7796
00000153	17:49:36	[4892] time is :::5297205,成交：318.0
00000154	17:49:37	[4892] hight:1.242520,bars:7796
00000155	17:49:37	[4892] time is :::5297597,成交：320.0
00000156	17:49:37	[4892] hight:1.242520,bars:7796
00000157	17:49:37	[4892] time is :::5298059,成交：321.0
00000158	17:49:37	[4892] hight:1.242520,bars:7796
00000159	17:49:37	[4892] time is :::5298150,成交：322.0
00000160	17:49:37	[4892] hight:1.242520,bars:7796
00000161	17:49:37	[4892] time is :::5298165,成交：323.0
00000162	17:49:38	[4892] hight:1.242520,bars:7796
00000163	17:49:38	[4892] time is :::5298382,成交：324.0
00000164	17:49:41	[4892] hight:1.242520,bars:7796
00000165	17:49:41	[4892] time is :::5301615,成交：326.0
00000166	17:49:41	[4892] hight:1.242520,bars:7796
00000167	17:49:41	[4892] time is :::5302034,成交：327.0
00000168	17:49:42	[4892] hight:1.242520,bars:7796
00000169	17:49:42	[4892] time is :::5302348,成交：328.0
00000170	17:49:48	[4892] hight:1.242520,bars:7796
00000171	17:49:48	[4892] time is :::5308681,成交：329.0
00000172	17:49:48	[4892] hight:1.242520,bars:7796
00000173	17:49:48	[4892] time is :::5309024,成交：330.0
00000174	17:49:50	[4892] hight:1.242520,bars:7796
00000175	17:49:50	[4892] time is :::5310849,成交：331.0
00000176	17:49:51	[4892] hight:1.242520,bars:7796
00000177	17:49:51	[4892] time is :::5311358,成交：333.0
00000178	17:49:51	[4892] hight:1.242520,bars:7796
00000179	17:49:51	[4892] time is :::5311912,成交：335.0
00000180	17:49:51	[4892] hight:1.242520,bars:7796
00000181	17:49:51	[4892] time is :::5312079,成交：336.0
00000182	17:49:53	[4892] hight:1.242520,bars:7796
00000183	17:49:53	[4892] time is :::5313967,成交：337.0
00000184	17:49:54	[4892] hight:1.242520,bars:7796
00000185	17:49:54	[4892] time is :::5314736,成交：339.0
00000186	17:49:59	[4892] hight:1.242520,bars:7796
00000187	17:49:59	[4892] time is :::5319363,成交：340.0
00000188	17:49:59	[4892] hight:1.242520,bars:7796
00000189	17:49:59	[4892] time is :::5319855,成交：342.0
00000190	17:50:00	[4892] hight:1.242520,bars:7796
00000191	17:50:00	[4892] time is :::5320256,成交：344.0
00000192	17:50:00	[4892] PERIOD IS : 1
00000193	17:50:00	[4892] PERIOD IS : 5
00000194	17:50:00	[4892] hight:1.242350,bars:7797
00000195	17:50:00	[4892] time is :::5320630,成交：345.0
00000196	17:50:00	[4892] hight:1.242350,bars:7797
00000197	17:50:00	[4892] time is :::5321026,成交：346.0
00000198	17:50:03	[4892] hight:1.242350,bars:7797
00000199	17:50:03	[4892] time is :::5323772,成交：349.0
00000200	17:50:04	[4892] hight:1.242350,bars:7797
00000201	17:50:04	[4892] time is :::5324278,成交：353.0
00000202	17:50:04	[4892] hight:1.242350,bars:7797
00000203	17:50:04	[4892] time is :::5324308,成交：354.0
00000204	17:50:10	[4892] hight:1.242350,bars:7797
00000205	17:50:10	[4892] time is :::5330284,成交：355.0
00000206	17:50:10	[4892] hight:1.242350,bars:7797
00000207	17:50:10	[4892] time is :::5331005,成交：356.0
00000208	17:50:12	[4892] hight:1.242350,bars:7797
00000209	17:50:12	[4892] time is :::5332252,成交：357.0
00000210	17:50:12	[4892] hight:1.242350,bars:7797
00000211	17:50:12	[4892] time is :::5332665,成交：360.0
00000212	17:50:12	[4892] hight:1.242350,bars:7797
00000213	17:50:12	[4892] time is :::5333043,成交：361.0
00000214	17:50:13	[4892] hight:1.242350,bars:7797
00000215	17:50:13	[4892] time is :::5333858,成交：362.0
00000216	17:50:14	[4892] hight:1.242350,bars:7797
00000217	17:50:14	[4892] time is :::5334249,成交：364.0
00000218	17:50:14	[4892] hight:1.242350,bars:7797
00000219	17:50:14	[4892] time is :::5334495,成交：365.0
00000220	17:50:15	[4892] hight:1.242350,bars:7797
00000221	17:50:15	[4892] time is :::5335348,成交：367.0
00000222	17:50:15	[4892] hight:1.242350,bars:7797
00000223	17:50:15	[4892] time is :::5335361,成交：369.0
00000224	17:50:15	[4892] hight:1.242350,bars:7797
00000225	17:50:15	[4892] time is :::5335403,成交：370.0
00000226	17:50:15	[4892] hight:1.242350,bars:7797
00000227	17:50:15	[4892] time is :::5335842,成交：372.0
00000228	17:50:17	[4892] hight:1.242350,bars:7797
00000229	17:50:17	[4892] time is :::5337929,成交：373.0
00000230	17:50:18	[4892] hight:1.242350,bars:7797
00000231	17:50:18	[4892] time is :::5338873,成交：376.0
00000232	17:50:18	[4892] hight:1.242350,bars:7797
00000233	17:50:18	[4892] time is :::5338888,成交：379.0
00000234	17:50:18	[4892] hight:1.242350,bars:7797
00000235	17:50:18	[4892] time is :::5338988,成交：380.0
00000236	17:50:18	[4892] hight:1.242350,bars:7797
00000237	17:50:18	[4892] time is :::5339115,成交：381.0
00000238	17:50:19	[4892] hight:1.242350,bars:7797
00000239	17:50:19	[4892] time is :::5340061,成交：383.0
00000240	17:50:20	[4892] hight:1.242350,bars:7797
00000241	17:50:20	[4892] time is :::5340684,成交：385.0
00000242	17:50:20	[4892] hight:1.242350,bars:7797
00000243	17:50:20	[4892] time is :::5341137,成交：386.0
00000244	17:50:21	[4892] hight:1.242350,bars:7797
00000245	17:50:21	[4892] time is :::5341481,成交：387.0
00000246	17:50:21	[4892] hight:1.242350,bars:7797
00000247	17:50:21	[4892] time is :::5341671,成交：388.0
00000248	17:50:21	[4892] hight:1.242350,bars:7797
00000249	17:50:21	[4892] time is :::5342090,成交：389.0
00000250	17:50:22	[4892] hight:1.242350,bars:7797
00000251	17:50:22	[4892] time is :::5342659,成交：390.0
00000252	17:50:22	[4892] hight:1.242350,bars:7797
00000253	17:50:22	[4892] time is :::5342969,成交：391.0
00000254	17:50:25	[4892] hight:1.242350,bars:7797
00000255	17:50:25	[4892] time is :::5345432,成交：392.0
00000256	17:50:26	[4892] hight:1.242350,bars:7797
00000257	17:50:26	[4892] time is :::5346804,成交：393.0
00000258	17:50:28	[4892] hight:1.242350,bars:7797
00000259	17:50:28	[4892] time is :::5348614,成交：394.0
00000260	17:50:31	[4892] hight:1.242350,bars:7797
00000261	17:50:31	[4892] time is :::5351515,成交：395.0
00000262	17:50:31	[4892] hight:1.242350,bars:7797
00000263	17:50:31	[4892] time is :::5351579,成交：396.0
00000264	17:50:33	[4892] hight:1.242350,bars:7797
00000265	17:50:33	[4892] time is :::5353280,成交：397.0
00000266	17:50:35	[4892] hight:1.242350,bars:7797
00000267	17:50:35	[4892] time is :::5355822,成交：398.0
00000268	17:50:35	[4892] hight:1.242350,bars:7797
00000269	17:50:35	[4892] time is :::5356123,成交：400.0
00000270	17:50:36	[4892] hight:1.242350,bars:7797
00000271	17:50:36	[4892] time is :::5357092,成交：401.0
00000272	17:50:37	[4892] hight:1.242350,bars:7797
00000273	17:50:37	[4892] time is :::5357577,成交：403.0
00000274	17:50:43	[4892] hight:1.242350,bars:7797
00000275	17:50:43	[4892] time is :::5363858,成交：404.0
00000276	17:50:43	[4892] hight:1.242350,bars:7797
00000277	17:50:43	[4892] time is :::5364166,成交：407.0
00000278	17:50:49	[4892] hight:1.242350,bars:7797
00000279	17:50:49	[4892] time is :::5369986,成交：408.0
00000280	17:50:50	[4892] hight:1.242350,bars:7797
00000281	17:50:50	[4892] time is :::5370528,成交：409.0
00000282	17:50:51	[4892] hight:1.242350,bars:7797
00000283	17:50:51	[4892] time is :::5371993,成交：411.0
00000284	17:50:54	[4892] hight:1.242350,bars:7797
00000285	17:50:54	[4892] time is :::5374447,成交：412.0
00000286	17:50:54	[4892] hight:1.242350,bars:7797
00000287	17:50:54	[4892] time is :::5374759,成交：413.0
00000288	17:50:55	[4892] hight:1.242350,bars:7797
00000289	17:50:55	[4892] time is :::5375626,成交：414.0
00000290	17:50:56	[4892] hight:1.242350,bars:7797
00000291	17:50:56	[4892] time is :::5376228,成交：421.0
00000292	17:50:56	[4892] hight:1.242350,bars:7797
00000293	17:50:56	[4892] time is :::5376837,成交：422.0
00000294	17:50:58	[4892] hight:1.242350,bars:7797
00000295	17:50:58	[4892] time is :::5378487,成交：423.0
00000296	17:51:03	[4892] hight:1.242350,bars:7797
00000297	17:51:03	[4892] time is :::5383651,成交：424.0
00000298	17:51:03	[4892] PERIOD IS : 1
00000299	17:51:04	[4892] hight:1.242300,bars:7798
00000300	17:51:04	[4892] time is :::5384758,成交：425.0
00000301	17:51:05	[4892] hight:1.242300,bars:7798
00000302	17:51:05	[4892] time is :::5385960,成交：426.0
00000303	17:51:06	[4892] hight:1.242300,bars:7798
00000304	17:51:06	[4892] time is :::5386345,成交：427.0
00000305	17:51:06	[4892] hight:1.242300,bars:7798
00000306	17:51:06	[4892] time is :::5386868,成交：429.0
00000307	17:51:08	[4892] hight:1.242300,bars:7798
00000308	17:51:08	[4892] time is :::5388916,成交：430.0
00000309	17:51:13	[4892] hight:1.242300,bars:7798
00000310	17:51:13	[4892] time is :::5393646,成交：431.0
00000311	17:51:15	[4892] hight:1.242300,bars:7798
00000312	17:51:15	[4892] time is :::5395218,成交：432.0
00000313	17:51:15	[4892] hight:1.242310,bars:7798
00000314	17:51:15	[4892] time is :::5395272,成交：433.0
00000315	17:51:15	[4892] hight:1.242330,bars:7798
00000316	17:51:15	[4892] time is :::5395754,成交：436.0
00000317	17:51:16	[4892] hight:1.242330,bars:7798
00000318	17:51:16	[4892] time is :::5396249,成交：437.0
00000319	17:51:19	[4892] hight:1.242330,bars:7798
00000320	17:51:19	[4892] time is :::5399389,成交：440.0
00000321	17:51:19	[4892] hight:1.242330,bars:7798
00000322	17:51:19	[4892] time is :::5399849,成交：441.0
00000323	17:51:21	[4892] hight:1.242330,bars:7798
00000324	17:51:21	[4892] time is :::5401468,成交：442.0
00000325	17:51:21	[4892] hight:1.242330,bars:7798
00000326	17:51:21	[4892] time is :::5401787,成交：446.0
00000327	17:51:22	[4892] hight:1.242330,bars:7798
00000328	17:51:22	[4892] time is :::5402430,成交：451.0
00000329	17:51:22	[4892] hight:1.242330,bars:7798
00000330	17:51:22	[4892] time is :::5403166,成交：452.0
00000331	17:51:24	[4892] hight:1.242330,bars:7798
00000332	17:51:24	[4892] time is :::5404744,成交：453.0
00000333	17:51:27	[4892] hight:1.242330,bars:7798
00000334	17:51:27	[4892] time is :::5408143,成交：454.0
00000335	17:51:28	[4892] hight:1.242330,bars:7798
00000336	17:51:28	[4892] time is :::5408480,成交：456.0
00000337	17:51:29	[4892] hight:1.242330,bars:7798
00000338	17:51:29	[4892] time is :::5409294,成交：457.0
00000339	17:51:29	[4892] hight:1.242410,bars:7798
00000340	17:51:29	[4892] time is :::5409970,成交：463.0
00000341	17:51:30	[4892] hight:1.242410,bars:7798
00000342	17:51:30	[4892] time is :::5410389,成交：464.0
00000343	17:51:30	[4892] hight:1.242410,bars:7798
00000344	17:51:30	[4892] time is :::5410444,成交：467.0
00000345	17:51:30	[4892] hight:1.242410,bars:7798
00000346	17:51:30	[4892] time is :::5410448,成交：468.0
00000347	17:51:30	[4892] hight:1.242410,bars:7798
00000348	17:51:30	[4892] time is :::5410801,成交：470.0
00000349	17:51:30	[4892] hight:1.242410,bars:7798
00000350	17:51:30	[4892] time is :::5410824,成交：471.0
00000351	17:51:30	[4892] hight:1.242410,bars:7798
00000352	17:51:30	[4892] time is :::5411161,成交：473.0
00000353	17:51:31	[4892] hight:1.242410,bars:7798
00000354	17:51:31	[4892] time is :::5411946,成交：474.0
00000355	17:51:32	[4892] hight:1.242410,bars:7798
00000356	17:51:32	[4892] time is :::5412225,成交：476.0
00000357	17:51:32	[4892] hight:1.242410,bars:7798
00000358	17:51:32	[4892] time is :::5412838,成交：478.0
00000359	17:51:35	[4892] hight:1.242410,bars:7798
00000360	17:51:35	[4892] time is :::5416143,成交：481.0
00000361	17:51:36	[4892] hight:1.242410,bars:7798
00000362	17:51:36	[4892] time is :::5416631,成交：488.0
00000363	17:51:37	[4892] hight:1.242410,bars:7798
00000364	17:51:37	[4892] time is :::5417842,成交：490.0
00000365	17:51:39	[4892] hight:1.242410,bars:7798
00000366	17:51:39	[4892] time is :::5419346,成交：495.0
00000367	17:51:39	[4892] hight:1.242410,bars:7798
00000368	17:51:39	[4892] time is :::5419411,成交：496.0
00000369	17:51:39	[4892] hight:1.242410,bars:7798
00000370	17:51:39	[4892] time is :::5419633,成交：497.0
00000371	17:51:40	[4892] hight:1.242410,bars:7798
00000372	17:51:40	[4892] time is :::5421138,成交：498.0
00000373	17:51:41	[4892] hight:1.242410,bars:7798
00000374	17:51:41	[4892] time is :::5422033,成交：499.0
00000375	17:51:42	[4892] hight:1.242410,bars:7798
00000376	17:51:42	[4892] time is :::5422499,成交：500.0
00000377	17:51:42	[4892] hight:1.242410,bars:7798
00000378	17:51:42	[4892] time is :::5422765,成交：501.0
00000379	17:51:46	[4892] hight:1.242410,bars:7798
00000380	17:51:46	[4892] time is :::5427102,成交：502.0
00000381	17:51:47	[4892] hight:1.242410,bars:7798
00000382	17:51:47	[4892] time is :::5427719,成交：503.0
00000383	17:51:50	[4892] hight:1.242410,bars:7798
00000384	17:51:50	[4892] time is :::5431073,成交：504.0
00000385	17:51:51	[4892] hight:1.242410,bars:7798
00000386	17:51:51	[4892] time is :::5431605,成交：506.0
00000387	17:51:51	[4892] hight:1.242410,bars:7798
00000388	17:51:51	[4892] time is :::5431654,成交：507.0
00000389	17:51:52	[4892] hight:1.242410,bars:7798
00000390	17:51:52	[4892] time is :::5432537,成交：509.0
00000391	17:51:52	[4892] hight:1.242410,bars:7798
00000392	17:51:52	[4892] time is :::5433073,成交：510.0
00000393	17:51:53	[4892] hight:1.242410,bars:7798
00000394	17:51:53	[4892] time is :::5433544,成交：512.0
00000395	17:51:55	[4892] hight:1.242410,bars:7798
00000396	17:51:55	[4892] time is :::5435644,成交：515.0
00000397	17:51:56	[4892] hight:1.242410,bars:7798
00000398	17:51:56	[4892] time is :::5436300,成交：520.0
00000399	17:51:56	[4892] hight:1.242410,bars:7798
00000400	17:51:56	[4892] time is :::5436648,成交：522.0
00000401	17:51:56	[4892] hight:1.242410,bars:7798
00000402	17:51:56	[4892] time is :::5437107,成交：523.0
00000403	17:51:57	[4892] hight:1.242410,bars:7798
00000404	17:51:57	[4892] time is :::5437914,成交：524.0
00000405	17:51:59	[4892] hight:1.242410,bars:7798
00000406	17:51:59	[4892] time is :::5439228,成交：526.0
00000407	17:51:59	[4892] hight:1.242410,bars:7798
00000408	17:51:59	[4892] time is :::5439533,成交：527.0
00000409	17:52:00	[4892] hight:1.242410,bars:7798
00000410	17:52:00	[4892] time is :::5440213,成交：528.0
00000411	17:52:00	[4892] PERIOD IS : 1
00000412	17:52:00	[4892] hight:1.242240,bars:7799
00000413	17:52:00	[4892] time is :::5440535,成交：530.0
00000414	17:52:00	[4892] hight:1.242240,bars:7799
00000415	17:52:00	[4892] time is :::5440850,成交：532.0
00000416	17:52:01	[4892] hight:1.242240,bars:7799
00000417	17:52:01	[4892] time is :::5441803,成交：533.0
00000418	17:52:02	[4892] hight:1.242240,bars:7799
00000419	17:52:02	[4892] time is :::5442417,成交：536.0
00000420	17:52:02	[4892] hight:1.242240,bars:7799
00000421	17:52:02	[4892] time is :::5442610,成交：537.0
00000422	17:52:03	[4892] hight:1.242240,bars:7799
00000423	17:52:03	[4892] time is :::5443980,成交：538.0
00000424	17:52:03	[4892] hight:1.242240,bars:7799
00000425	17:52:03	[4892] time is :::5444115,成交：539.0
00000426	17:52:12	[4892] hight:1.242240,bars:7799
00000427	17:52:12	[4892] time is :::5452942,成交：541.0
00000428	17:52:13	[4892] hight:1.242240,bars:7799
00000429	17:52:13	[4892] time is :::5453387,成交：543.0
00000430	17:52:14	[4892] hight:1.242240,bars:7799
00000431	17:52:14	[4892] time is :::5454558,成交：544.0
00000432	17:52:15	[4892] hight:1.242240,bars:7799
00000433	17:52:15	[4892] time is :::5455333,成交：545.0
00000434	17:52:17	[4892] hight:1.242240,bars:7799
00000435	17:52:17	[4892] time is :::5457657,成交：546.0
00000436	17:52:20	[4892] hight:1.242240,bars:7799
00000437	17:52:20	[4892] time is :::5460705,成交：547.0
00000438	17:52:20	[4892] hight:1.242240,bars:7799
00000439	17:52:20	[4892] time is :::5461046,成交：548.0
00000440	17:52:20	[4892] hight:1.242240,bars:7799
00000441	17:52:20	[4892] time is :::5461183,成交：549.0
00000442	17:52:21	[4892] hight:1.242240,bars:7799
00000443	17:52:21	[4892] time is :::5461291,成交：550.0
00000444	17:52:21	[4892] hight:1.242240,bars:7799
00000445	17:52:21	[4892] time is :::5461559,成交：551.0
00000446	17:52:22	[4892] hight:1.242240,bars:7799
00000447	17:52:22	[4892] time is :::5462639,成交：553.0
00000448	17:52:22	[4892] hight:1.242240,bars:7799
00000449	17:52:22	[4892] time is :::5463072,成交：554.0
00000450	17:52:27	[4892] hight:1.242240,bars:7799
00000451	17:52:27	[4892] time is :::5467497,成交：556.0
00000452	17:52:27	[4892] hight:1.242240,bars:7799
00000453	17:52:27	[4892] time is :::5468125,成交：559.0
00000454	17:52:30	[4892] hight:1.242240,bars:7799
00000455	17:52:30	[4892] time is :::5470221,成交：561.0
00000456	17:52:32	[4892] hight:1.242240,bars:7799
00000457	17:52:32	[4892] time is :::5472245,成交：562.0
00000458	17:52:32	[4892] hight:1.242240,bars:7799
00000459	17:52:32	[4892] time is :::5473117,成交：563.0
00000460	17:52:33	[4892] hight:1.242240,bars:7799
00000461	17:52:33	[4892] time is :::5473382,成交：564.0
00000462	17:52:34	[4892] hight:1.242240,bars:7799
00000463	17:52:34	[4892] time is :::5474781,成交：565.0
00000464	17:52:35	[4892] hight:1.242240,bars:7799
00000465	17:52:35	[4892] time is :::5475520,成交：566.0
00000466	17:52:36	[4892] hight:1.242240,bars:7799
00000467	17:52:36	[4892] time is :::5476563,成交：567.0
00000468	17:52:36	[4892] hight:1.242240,bars:7799
00000469	17:52:36	[4892] time is :::5476889,成交：569.0
00000470	17:52:42	[4892] hight:1.242240,bars:7799
00000471	17:52:42	[4892] time is :::5482631,成交：570.0
00000472	17:52:42	[4892] hight:1.242240,bars:7799
00000473	17:52:42	[4892] time is :::5482913,成交：571.0
00000474	17:52:44	[4892] hight:1.242240,bars:7799
00000475	17:52:44	[4892] time is :::5484972,成交：572.0
00000476	17:52:45	[4892] hight:1.242240,bars:7799
00000477	17:52:45	[4892] time is :::5486035,成交：573.0
00000478	17:52:51	[4892] hight:1.242240,bars:7799
00000479	17:52:51	[4892] time is :::5492077,成交：574.0
00000480	17:52:52	[4892] hight:1.242240,bars:7799
00000481	17:52:52	[4892] time is :::5492875,成交：577.0
00000482	17:52:54	[4892] hight:1.242240,bars:7799
00000483	17:52:54	[4892] time is :::5494836,成交：578.0
00000484	17:52:56	[4892] hight:1.242240,bars:7799
00000485	17:52:56	[4892] time is :::5496699,成交：580.0
00000486	17:52:56	[4892] hight:1.242240,bars:7799
00000487	17:52:56	[4892] time is :::5497043,成交：587.0
00000488	17:52:57	[4892] hight:1.242240,bars:7799
00000489	17:52:57	[4892] time is :::5497255,成交：588.0
00000490	17:52:57	[4892] hight:1.242240,bars:7799
00000491	17:52:57	[4892] time is :::5497798,成交：589.0
00000492	17:52:58	[4892] hight:1.242240,bars:7799
00000493	17:52:58	[4892] time is :::5498315,成交：590.0
00000494	17:52:58	[4892] hight:1.242240,bars:7799
00000495	17:52:58	[4892] time is :::5498717,成交：591.0
00000496	17:52:59	[4892] hight:1.242240,bars:7799
00000497	17:52:59	[4892] time is :::5499215,成交：592.0
00000498	17:52:59	[4892] hight:1.242240,bars:7799
00000499	17:52:59	[4892] time is :::5499501,成交：593.0
00000500	17:52:59	[4892] hight:1.242240,bars:7799
00000501	17:52:59	[4892] time is :::5499997,成交：594.0
00000502	17:53:00	[4892] hight:1.242240,bars:7799
00000503	17:53:00	[4892] time is :::5501202,成交：595.0
00000504	17:53:00	[4892] PERIOD IS : 1
00000505	17:53:02	[4892] hight:1.242150,bars:7800
00000506	17:53:02	[4892] time is :::5502335,成交：599.0
00000507	17:53:02	[4892] hight:1.242150,bars:7800
00000508	17:53:02	[4892] time is :::5502796,成交：601.0
00000509	17:53:02	[4892] hight:1.242150,bars:7800
00000510	17:53:02	[4892] time is :::5502959,成交：602.0
00000511	17:53:03	[4892] hight:1.242150,bars:7800
00000512	17:53:03	[4892] time is :::5503390,成交：606.0
00000513	17:53:03	[4892] hight:1.242150,bars:7800
00000514	17:53:03	[4892] time is :::5503996,成交：609.0
00000515	17:53:04	[4892] hight:1.242150,bars:7800
00000516	17:53:04	[4892] time is :::5504531,成交：610.0
00000517	17:53:06	[4892] hight:1.242160,bars:7800
00000518	17:53:06	[4892] time is :::5506538,成交：611.0
00000519	17:53:06	[4892] hight:1.242160,bars:7800
00000520	17:53:06	[4892] time is :::5506930,成交：612.0
00000521	17:53:06	[4892] hight:1.242160,bars:7800
00000522	17:53:06	[4892] time is :::5506952,成交：613.0
00000523	17:53:07	[4892] hight:1.242160,bars:7800
00000524	17:53:07	[4892] time is :::5507423,成交：614.0
00000525	17:53:07	[4892] hight:1.242160,bars:7800
00000526	17:53:07	[4892] time is :::5508004,成交：615.0
00000527	17:53:09	[4892] hight:1.242160,bars:7800
00000528	17:53:09	[4892] time is :::5509228,成交：616.0
00000529	17:53:09	[4892] hight:1.242170,bars:7800
00000530	17:53:09	[4892] time is :::5509234,成交：617.0
00000531	17:53:09	[4892] hight:1.242170,bars:7800
00000532	17:53:09	[4892] time is :::5509245,成交：618.0
00000533	17:53:11	[4892] hight:1.242170,bars:7800
00000534	17:53:11	[4892] time is :::5511377,成交：620.0
00000535	17:53:12	[4892] hight:1.242170,bars:7800
00000536	17:53:12	[4892] time is :::5512265,成交：621.0
00000537	17:53:13	[4892] hight:1.242170,bars:7800
00000538	17:53:13	[4892] time is :::5513877,成交：624.0
00000539	17:53:16	[4892] hight:1.242170,bars:7800
00000540	17:53:16	[4892] time is :::5516266,成交：625.0
00000541	17:53:17	[4892] hight:1.242170,bars:7800
00000542	17:53:17	[4892] time is :::5517918,成交：626.0
00000543	17:53:18	[4892] hight:1.242190,bars:7800
00000544	17:53:18	[4892] time is :::5518412,成交：628.0
00000545	17:53:20	[4892] hight:1.242200,bars:7800
00000546	17:53:20	[4892] time is :::5520419,成交：629.0
00000547	17:53:21	[4892] hight:1.242200,bars:7800
00000548	17:53:21	[4892] time is :::5521273,成交：630.0
00000549	17:53:22	[4892] hight:1.242200,bars:7800
00000550	17:53:22	[4892] time is :::5522261,成交：631.0
00000551	17:53:22	[4892] hight:1.242210,bars:7800
00000552	17:53:22	[4892] time is :::5522693,成交：632.0
00000553	17:53:23	[4892] hight:1.242230,bars:7800
00000554	17:53:23	[4892] time is :::5523756,成交：633.0
00000555	17:53:24	[4892] hight:1.242240,bars:7800
00000556	17:53:24	[4892] time is :::5524521,成交：636.0
00000557	17:53:24	[4892] hight:1.242240,bars:7800
00000558	17:53:24	[4892] time is :::5524931,成交：637.0
00000559	17:53:31	[4892] hight:1.242240,bars:7800
00000560	17:53:31	[4892] time is :::5531310,成交：638.0
00000561	17:53:31	[4892] hight:1.242240,bars:7800
00000562	17:53:31	[4892] time is :::5531686,成交：640.0
00000563	17:53:31	[4892] hight:1.242240,bars:7800
00000564	17:53:31	[4892] time is :::5532044,成交：643.0
00000565	17:53:32	[4892] hight:1.242240,bars:7800
00000566	17:53:32	[4892] time is :::5532367,成交：644.0
00000567	17:53:33	[4892] hight:1.242410,bars:7800
00000568	17:53:33	[4892] time is :::5533389,成交：645.0
00000569	17:53:34	[4892] hight:1.242450,bars:7800
00000570	17:53:34	[4892] time is :::5534262,成交：647.0
00000571	17:53:34	[4892] hight:1.242480,bars:7800
00000572	17:53:34	[4892] time is :::5534857,成交：648.0
00000573	17:53:34	[4892] hight:1.242490,bars:7800
00000574	17:53:34	[4892] time is :::5535149,成交：650.0
00000575	17:53:34	[4892] hight:1.242490,bars:7800
00000576	17:53:34	[4892] time is :::5535163,成交：651.0
00000577	17:53:35	[4892] hight:1.242490,bars:7800
00000578	17:53:35	[4892] time is :::5535272,成交：654.0
00000579	17:53:35	[4892] hight:1.242500,bars:7800
00000580	17:53:35	[4892] time is :::5535323,成交：658.0
00000581	17:53:35	[4892] hight:1.242520,bars:7800
00000582	17:53:35	[4892] time is :::5536046,成交：661.0
00000583	17:53:35	[4892] hight:1.242520,bars:7800
00000584	17:53:35	[4892] time is :::5536180,成交：663.0
00000585	17:53:36	[4892] hight:1.242520,bars:7800
00000586	17:53:36	[4892] time is :::5536668,成交：673.0
00000587	17:53:36	[4892] hight:1.242520,bars:7800
00000588	17:53:36	[4892] time is :::5536990,成交：674.0
00000589	17:53:37	[4892] hight:1.242520,bars:7800
00000590	17:53:37	[4892] time is :::5537535,成交：677.0
00000591	17:53:39	[4892] hight:1.242520,bars:7800
00000592	17:53:39	[4892] time is :::5539972,成交：680.0
00000593	17:53:40	[4892] hight:1.242520,bars:7800
00000594	17:53:40	[4892] time is :::5540603,成交：681.0
00000595	17:53:40	[4892] hight:1.242520,bars:7800
00000596	17:53:40	[4892] time is :::5540776,成交：682.0
00000597	17:53:40	[4892] hight:1.242520,bars:7800
00000598	17:53:40	[4892] time is :::5541125,成交：683.0
00000599	17:53:41	[4892] hight:1.242520,bars:7800
00000600	17:53:41	[4892] time is :::5541763,成交：684.0
00000601	17:53:41	[4892] hight:1.242520,bars:7800
00000602	17:53:41	[4892] time is :::5542191,成交：685.0
00000603	17:53:42	[4892] hight:1.242520,bars:7800
00000604	17:53:42	[4892] time is :::5542635,成交：687.0
00000605	17:53:42	[4892] hight:1.242520,bars:7800
00000606	17:53:42	[4892] time is :::5542692,成交：688.0
00000607	17:53:42	[4892] hight:1.242520,bars:7800
00000608	17:53:42	[4892] time is :::5543163,成交：689.0
00000609	17:53:44	[4892] hight:1.242520,bars:7800
00000610	17:53:44	[4892] time is :::5544678,成交：690.0
00000611	17:53:47	[4892] hight:1.242520,bars:7800
00000612	17:53:47	[4892] time is :::5547427,成交：691.0
00000613	17:53:49	[4892] hight:1.242520,bars:7800
00000614	17:53:49	[4892] time is :::5549479,成交：692.0
00000615	17:53:51	[4892] hight:1.242520,bars:7800
00000616	17:53:51	[4892] time is :::5551992,成交：693.0
00000617	17:53:51	[4892] hight:1.242520,bars:7800
00000618	17:53:51	[4892] time is :::5552038,成交：694.0
00000619	17:53:52	[4892] hight:1.242520,bars:7800
00000620	17:53:52	[4892] time is :::5552934,成交：695.0
00000621	17:53:54	[4892] hight:1.242520,bars:7800
00000622	17:53:54	[4892] time is :::5554503,成交：696.0
00000623	17:53:54	[4892] hight:1.242520,bars:7800
00000624	17:53:54	[4892] time is :::5554548,成交：697.0
00000625	17:53:54	[4892] hight:1.242520,bars:7800
00000626	17:53:54	[4892] time is :::5554864,成交：699.0
00000627	17:53:55	[4892] hight:1.242520,bars:7800
00000628	17:53:55	[4892] time is :::5555604,成交：700.0
00000629	17:53:55	[4892] hight:1.242520,bars:7800
00000630	17:53:55	[4892] time is :::5556208,成交：702.0
00000631	17:53:56	[4892] hight:1.242520,bars:7800
00000632	17:53:56	[4892] time is :::5556623,成交：703.0
00000633	17:53:57	[4892] hight:1.242520,bars:7800
00000634	17:53:57	[4892] time is :::5557848,成交：704.0
00000635	17:54:00	[4892] hight:1.242520,bars:7800
00000636	17:54:00	[4892] time is :::5560307,成交：707.0
00000637	17:54:00	[4892] PERIOD IS : 1
00000638	17:54:00	[4892] hight:1.242470,bars:7801
00000639	17:54:00	[4892] time is :::5560319,成交：708.0
00000640	17:54:00	[4892] hight:1.242470,bars:7801
00000641	17:54:00	[4892] time is :::5560607,成交：709.0
00000642	17:54:00	[4892] hight:1.242470,bars:7801
00000643	17:54:00	[4892] time is :::5560944,成交：710.0
00000644	17:54:00	[4892] hight:1.242470,bars:7801
00000645	17:54:00	[4892] time is :::5561069,成交：711.0
00000646	17:54:03	[4892] hight:1.242470,bars:7801
00000647	17:54:03	[4892] time is :::5563762,成交：713.0
00000648	17:54:04	[4892] hight:1.242470,bars:7801
00000649	17:54:04	[4892] time is :::5564266,成交：716.0
00000650	17:54:04	[4892] hight:1.242470,bars:7801
00000651	17:54:04	[4892] time is :::5564566,成交：717.0
00000652	17:54:04	[4892] hight:1.242470,bars:7801
00000653	17:54:04	[4892] time is :::5564610,成交：718.0
00000654	17:54:04	[4892] hight:1.242480,bars:7801
00000655	17:54:04	[4892] time is :::5564726,成交：719.0
00000656	17:54:04	[4892] hight:1.242480,bars:7801
00000657	17:54:04	[4892] time is :::5564815,成交：720.0
00000658	17:54:05	[4892] hight:1.242490,bars:7801
00000659	17:54:05	[4892] time is :::5565754,成交：724.0
00000660	17:54:06	[4892] hight:1.242510,bars:7801
00000661	17:54:06	[4892] time is :::5566212,成交：725.0
00000662	17:54:06	[4892] hight:1.242510,bars:7801
00000663	17:54:06	[4892] time is :::5566757,成交：726.0
00000664	17:54:08	[4892] hight:1.242530,bars:7801
00000665	17:54:08	[4892] time is :::5568371,成交：728.0
00000666	17:54:10	[4892] hight:1.242530,bars:7801
00000667	17:54:10	[4892] time is :::5570304,成交：729.0
00000668	17:54:10	[4892] hight:1.242530,bars:7801
00000669	17:54:10	[4892] time is :::5571115,成交：730.0
00000670	17:54:11	[4892] hight:1.242530,bars:7801
00000671	17:54:11	[4892] time is :::5571460,成交：731.0
00000672	17:54:12	[4892] hight:1.242540,bars:7801
00000673	17:54:12	[4892] time is :::5572445,成交：732.0
00000674	17:54:12	[4892] hight:1.242560,bars:7801
00000675	17:54:12	[4892] time is :::5572503,成交：733.0
00000676	17:54:12	[4892] hight:1.242560,bars:7801
00000677	17:54:12	[4892] time is :::5572581,成交：734.0
00000678	17:54:13	[4892] hight:1.242560,bars:7801
00000679	17:54:13	[4892] time is :::5573907,成交：736.0
00000680	17:54:13	[4892] hight:1.242560,bars:7801
00000681	17:54:13	[4892] time is :::5573969,成交：737.0
00000682	17:54:14	[4892] hight:1.242560,bars:7801
00000683	17:54:14	[4892] time is :::5574609,成交：738.0
00000684	17:54:14	[4892] hight:1.242560,bars:7801
00000685	17:54:14	[4892] time is :::5574671,成交：739.0
00000686	17:54:15	[4892] hight:1.242590,bars:7801
00000687	17:54:15	[4892] time is :::5575260,成交：742.0
00000688	17:54:15	[4892] hight:1.242590,bars:7801
00000689	17:54:15	[4892] time is :::5575572,成交：744.0
00000690	17:54:16	[4892] hight:1.242590,bars:7801
00000691	17:54:16	[4892] time is :::5576434,成交：745.0
00000692	17:54:16	[4892] hight:1.242590,bars:7801
00000693	17:54:16	[4892] time is :::5576738,成交：747.0
00000694	17:54:17	[4892] hight:1.242590,bars:7801
00000695	17:54:17	[4892] time is :::5577611,成交：749.0
00000696	17:54:17	[4892] hight:1.242590,bars:7801
00000697	17:54:17	[4892] time is :::5577729,成交：750.0
00000698	17:54:17	[4892] hight:1.242590,bars:7801
00000699	17:54:17	[4892] time is :::5577903,成交：751.0
00000700	17:54:19	[4892] hight:1.242590,bars:7801
00000701	17:54:19	[4892] time is :::5580123,成交：752.0
00000702	17:54:20	[4892] hight:1.242590,bars:7801
00000703	17:54:20	[4892] time is :::5580476,成交：753.0
00000704	17:54:21	[4892] hight:1.242590,bars:7801
00000705	17:54:21	[4892] time is :::5581972,成交：754.0
00000706	17:54:22	[4892] hight:1.242600,bars:7801
00000707	17:54:22	[4892] time is :::5582903,成交：755.0
00000708	17:54:22	[4892] hight:1.242610,bars:7801
00000709	17:54:22	[4892] time is :::5582916,成交：756.0
00000710	17:54:22	[4892] hight:1.242630,bars:7801
00000711	17:54:22	[4892] time is :::5583010,成交：759.0
00000712	17:54:22	[4892] hight:1.242630,bars:7801
00000713	17:54:22	[4892] time is :::5583031,成交：763.0
00000714	17:54:22	[4892] hight:1.242630,bars:7801
00000715	17:54:22	[4892] time is :::5583039,成交：764.0
00000716	17:54:23	[4892] hight:1.242630,bars:7801
00000717	17:54:23	[4892] time is :::5583384,成交：765.0
00000718	17:54:25	[4892] hight:1.242630,bars:7801
00000719	17:54:25	[4892] time is :::5585536,成交：767.0
00000720	17:54:27	[4892] hight:1.242630,bars:7801
00000721	17:54:27	[4892] time is :::5587377,成交：770.0
00000722	17:54:27	[4892] hight:1.242630,bars:7801
00000723	17:54:27	[4892] time is :::5588117,成交：771.0
00000724	17:54:28	[4892] hight:1.242630,bars:7801
00000725	17:54:28	[4892] time is :::5588750,成交：773.0
00000726	17:54:28	[4892] hight:1.242630,bars:7801
00000727	17:54:28	[4892] time is :::5589059,成交：774.0
00000728	17:54:29	[4892] hight:1.242630,bars:7801
00000729	17:54:29	[4892] time is :::5589577,成交：776.0
00000730	17:54:30	[4892] hight:1.242630,bars:7801
00000731	17:54:30	[4892] time is :::5590412,成交：777.0
00000732	17:54:31	[4892] hight:1.242630,bars:7801
00000733	17:54:31	[4892] time is :::5592013,成交：778.0
00000734	17:54:32	[4892] hight:1.242630,bars:7801
00000735	17:54:32	[4892] time is :::5592626,成交：781.0
00000736	17:54:32	[4892] hight:1.242630,bars:7801
00000737	17:54:32	[4892] time is :::5592817,成交：782.0
00000738	17:54:32	[4892] hight:1.242630,bars:7801
00000739	17:54:32	[4892] time is :::5593113,成交：783.0
00000740	17:54:33	[4892] hight:1.242630,bars:7801
00000741	17:54:33	[4892] time is :::5593449,成交：785.0
00000742	17:54:33	[4892] hight:1.242630,bars:7801
00000743	17:54:33	[4892] time is :::5594007,成交：789.0
00000744	17:54:34	[4892] hight:1.242630,bars:7801
00000745	17:54:34	[4892] time is :::5594299,成交：790.0
00000746	17:54:35	[4892] hight:1.242630,bars:7801
00000747	17:54:35	[4892] time is :::5595654,成交：791.0
00000748	17:54:36	[4892] hight:1.242630,bars:7801
00000749	17:54:36	[4892] time is :::5597098,成交：792.0
00000750	17:54:37	[4892] hight:1.242630,bars:7801
00000751	17:54:37	[4892] time is :::5597858,成交：793.0
00000752	17:54:38	[4892] hight:1.242630,bars:7801
00000753	17:54:38	[4892] time is :::5598507,成交：794.0
00000754	17:54:39	[4892] hight:1.242630,bars:7801
00000755	17:54:39	[4892] time is :::5599546,成交：795.0
00000756	17:54:39	[4892] hight:1.242630,bars:7801
00000757	17:54:39	[4892] time is :::5599996,成交：796.0
00000758	17:54:40	[4892] hight:1.242630,bars:7801
00000759	17:54:40	[4892] time is :::5600741,成交：797.0
00000760	17:54:41	[4892] hight:1.242630,bars:7801
00000761	17:54:41	[4892] time is :::5601231,成交：798.0
00000762	17:54:41	[4892] hight:1.242630,bars:7801
00000763	17:54:41	[4892] time is :::5601885,成交：801.0
00000764	17:54:42	[4892] hight:1.242630,bars:7801
00000765	17:54:42	[4892] time is :::5602275,成交：802.0
00000766	17:54:42	[4892] hight:1.242630,bars:7801
00000767	17:54:42	[4892] time is :::5602738,成交：803.0
00000768	17:54:43	[4892] hight:1.242630,bars:7801
00000769	17:54:43	[4892] time is :::5603564,成交：804.0
00000770	17:54:43	[4892] hight:1.242630,bars:7801
00000771	17:54:43	[4892] time is :::5603719,成交：805.0
00000772	17:54:44	[4892] hight:1.242630,bars:7801
00000773	17:54:44	[4892] time is :::5604305,成交：806.0
00000774	17:54:44	[4892] hight:1.242630,bars:7801
00000775	17:54:44	[4892] time is :::5604612,成交：808.0
00000776	17:54:45	[4892] hight:1.242630,bars:7801
00000777	17:54:45	[4892] time is :::5605954,成交：809.0
00000778	17:54:46	[4892] hight:1.242630,bars:7801
00000779	17:54:46	[4892] time is :::5606908,成交：811.0
00000780	17:54:47	[4892] hight:1.242630,bars:7801
00000781	17:54:47	[4892] time is :::5607680,成交：815.0
00000782	17:54:47	[4892] hight:1.242630,bars:7801
00000783	17:54:47	[4892] time is :::5608183,成交：816.0
00000784	17:54:50	[4892] hight:1.242630,bars:7801
00000785	17:54:50	[4892] time is :::5610792,成交：820.0
00000786	17:54:51	[4892] hight:1.242630,bars:7801
00000787	17:54:51	[4892] time is :::5611604,成交：823.0
00000788	17:54:51	[4892] hight:1.242630,bars:7801
00000789	17:54:51	[4892] time is :::5612006,成交：824.0
00000790	17:54:52	[4892] hight:1.242630,bars:7801
00000791	17:54:52	[4892] time is :::5612839,成交：826.0
00000792	17:54:52	[4892] hight:1.242630,bars:7801
00000793	17:54:52	[4892] time is :::5613147,成交：827.0
00000794	17:54:53	[4892] hight:1.242630,bars:7801
00000795	17:54:53	[4892] time is :::5614028,成交：829.0
00000796	17:54:57	[4892] hight:1.242630,bars:7801
00000797	17:54:57	[4892] time is :::5618049,成交：832.0
00000798	17:54:58	[4892] hight:1.242630,bars:7801
00000799	17:54:58	[4892] time is :::5618735,成交：835.0
00000800	17:54:58	[4892] hight:1.242630,bars:7801
00000801	17:54:58	[4892] time is :::5618833,成交：836.0
00000802	17:54:59	[4892] hight:1.242630,bars:7801
00000803	17:54:59	[4892] time is :::5619216,成交：839.0
00000804	17:55:00	[4892] hight:1.242630,bars:7801
00000805	17:55:00	[4892] time is :::5620304,成交：841.0
00000806	17:55:00	[4892] PERIOD IS : 1
00000807	17:55:00	[4892] PERIOD IS : 5
00000808	17:55:00	[4892] hight:1.242530,bars:7802
00000809	17:55:00	[4892] time is :::5620618,成交：842.0
00000810	17:55:02	[4892] hight:1.242530,bars:7802
00000811	17:55:02	[4892] time is :::5622539,成交：845.0
00000812	17:55:02	[4892] hight:1.242530,bars:7802
00000813	17:55:02	[4892] time is :::5623037,成交：848.0
00000814	17:55:03	[4892] hight:1.242530,bars:7802
00000815	17:55:03	[4892] time is :::5623295,成交：849.0
00000816	17:55:03	[4892] hight:1.242530,bars:7802
00000817	17:55:03	[4892] time is :::5623773,成交：853.0
00000818	17:55:03	[4892] hight:1.242530,bars:7802
00000819	17:55:03	[4892] time is :::5624065,成交：856.0
